# JRE version: OpenJDK Runtime Environment Microsoft-11933218 (21.0.8+9) (build 21.0.8+9-LTS)
# Java VM: OpenJDK 64-Bit Server VM Microsoft-11933218 (21.0.8+9-LTS, mixed mode, sharing, tiered, compressed oops, compressed class ptrs, g1 gc, windows-amd64)
GC Precious Log:
 CardTable entry size: 512
 Card Set container configuration: InlinePtr #cards 4 size 8 Array Of Cards #cards 16 size 48 Howl #buckets 8 coarsen threshold 3686 Howl Bitmap #cards 512 size 80 coarsen threshold 460 Card regions per heap region 1 cards per card region 4096
 CPUs: 24 total, 24 available
 Memory: 16270M
 Large Page Support: Disabled
 NUMA Support: Disabled
 Compressed Oops: Enabled (Zero based)
 Heap Region Size: 2M
 Heap Min Capacity: 8M
 Heap Initial Capacity: 256M
 Heap Max Capacity: 4068M
 Pre-touch: Disabled
 Parallel Workers: 18
 Concurrent Workers: 5
 Concurrent Refinement Workers: 18
 Periodic GC: Disabled
Heap:
 garbage-first heap   total 59392K, used 43246K [0x0000000701c00000, 0x0000000800000000)
  region size 2048K, 10 young (20480K), 2 survivors (4096K)
 Metaspace       used 70452K, committed 71104K, reserved 1114112K
  class space    used 9886K, committed 10176K, reserved 1048576K
GC Heap History (20 events):
Event: 2.689 GC heap before
{Heap before GC invocations=5 (full 0):
 garbage-first heap   total 59392K, used 40538K [0x0000000701c00000, 0x0000000800000000)
  region size 2048K, 17 young (34816K), 5 survivors (10240K)
 Metaspace       used 28969K, committed 29376K, reserved 1114112K
  class space    used 3837K, committed 4032K, reserved 1048576K
}
Event: 2.694 GC heap after
{Heap after GC invocations=6 (full 0):
 garbage-first heap   total 59392K, used 17899K [0x0000000701c00000, 0x0000000800000000)
  region size 2048K, 2 young (4096K), 2 survivors (4096K)
 Metaspace       used 28969K, committed 29376K, reserved 1114112K
  class space    used 3837K, committed 4032K, reserved 1048576K
}
Event: 3.352 GC heap before
{Heap before GC invocations=6 (full 0):
 garbage-first heap   total 59392K, used 44523K [0x0000000701c00000, 0x0000000800000000)
  region size 2048K, 15 young (30720K), 2 survivors (4096K)
 Metaspace       used 34349K, committed 34880K, reserved 1114112K
  class space    used 4493K, committed 4736K, reserved 1048576K
}
Event: 3.354 GC heap after
{Heap after GC invocations=7 (full 0):
 garbage-first heap   total 59392K, used 20428K [0x0000000701c00000, 0x0000000800000000)
  region size 2048K, 2 young (4096K), 2 survivors (4096K)
 Metaspace       used 34349K, committed 34880K, reserved 1114112K
  class space    used 4493K, committed 4736K, reserved 1048576K
}
Event: 3.410 GC heap before
{Heap before GC invocations=7 (full 0):
 garbage-first heap   total 59392K, used 22476K [0x0000000701c00000, 0x0000000800000000)
  region size 2048K, 4 young (8192K), 2 survivors (4096K)
 Metaspace       used 35419K, committed 35968K, reserved 1114112K
  class space    used 4643K, committed 4864K, reserved 1048576K
}
Event: 3.412 GC heap after
{Heap after GC invocations=8 (full 0):
 garbage-first heap   total 59392K, used 20756K [0x0000000701c00000, 0x0000000800000000)
  region size 2048K, 1 young (2048K), 1 survivors (2048K)
 Metaspace       used 35419K, committed 35968K, reserved 1114112K
  class space    used 4643K, committed 4864K, reserved 1048576K
}
Event: 3.891 GC heap before
{Heap before GC invocations=9 (full 0):
 garbage-first heap   total 59392K, used 47380K [0x0000000701c00000, 0x0000000800000000)
  region size 2048K, 14 young (28672K), 1 survivors (2048K)
 Metaspace       used 43479K, committed 43968K, reserved 1114112K
  class space    used 5791K, committed 6016K, reserved 1048576K
}
Event: 3.893 GC heap after
{Heap after GC invocations=10 (full 0):
 garbage-first heap   total 59392K, used 22442K [0x0000000701c00000, 0x0000000800000000)
  region size 2048K, 2 young (4096K), 2 survivors (4096K)
 Metaspace       used 43479K, committed 43968K, reserved 1114112K
  class space    used 5791K, committed 6016K, reserved 1048576K
}
Event: 4.293 GC heap before
{Heap before GC invocations=10 (full 0):
 garbage-first heap   total 59392K, used 49066K [0x0000000701c00000, 0x0000000800000000)
  region size 2048K, 15 young (30720K), 2 survivors (4096K)
 Metaspace       used 50641K, committed 51200K, reserved 1114112K
  class space    used 6699K, committed 6976K, reserved 1048576K
}
Event: 4.295 GC heap after
{Heap after GC invocations=11 (full 0):
 garbage-first heap   total 59392K, used 23425K [0x0000000701c00000, 0x0000000800000000)
  region size 2048K, 2 young (4096K), 2 survivors (4096K)
 Metaspace       used 50641K, committed 51200K, reserved 1114112K
  class space    used 6699K, committed 6976K, reserved 1048576K
}
Event: 4.694 GC heap before
{Heap before GC invocations=11 (full 0):
 garbage-first heap   total 59392K, used 50049K [0x0000000701c00000, 0x0000000800000000)
  region size 2048K, 15 young (30720K), 2 survivors (4096K)
 Metaspace       used 58228K, committed 58944K, reserved 1114112K
  class space    used 7933K, committed 8256K, reserved 1048576K
}
Event: 4.696 GC heap after
{Heap after GC invocations=12 (full 0):
 garbage-first heap   total 59392K, used 26685K [0x0000000701c00000, 0x0000000800000000)
  region size 2048K, 2 young (4096K), 2 survivors (4096K)
 Metaspace       used 58228K, committed 58944K, reserved 1114112K
  class space    used 7933K, committed 8256K, reserved 1048576K
}
Event: 4.755 GC heap before
{Heap before GC invocations=12 (full 0):
 garbage-first heap   total 59392K, used 30781K [0x0000000701c00000, 0x0000000800000000)
  region size 2048K, 5 young (10240K), 2 survivors (4096K)
 Metaspace       used 59476K, committed 60096K, reserved 1114112K
  class space    used 8108K, committed 8384K, reserved 1048576K
}
Event: 4.757 GC heap after
{Heap after GC invocations=13 (full 0):
 garbage-first heap   total 59392K, used 26911K [0x0000000701c00000, 0x0000000800000000)
  region size 2048K, 1 young (2048K), 1 survivors (2048K)
 Metaspace       used 59476K, committed 60096K, reserved 1114112K
  class space    used 8108K, committed 8384K, reserved 1048576K
}
Event: 5.286 GC heap before
{Heap before GC invocations=14 (full 0):
 garbage-first heap   total 59392K, used 51487K [0x0000000701c00000, 0x0000000800000000)
  region size 2048K, 13 young (26624K), 1 survivors (2048K)
 Metaspace       used 64891K, committed 65472K, reserved 1114112K
  class space    used 8938K, committed 9216K, reserved 1048576K
}
Event: 5.289 GC heap after
{Heap after GC invocations=15 (full 0):
 garbage-first heap   total 59392K, used 28971K [0x0000000701c00000, 0x0000000800000000)
  region size 2048K, 2 young (4096K), 2 survivors (4096K)
 Metaspace       used 64891K, committed 65472K, reserved 1114112K
  class space    used 8938K, committed 9216K, reserved 1048576K
}
Event: 5.626 GC heap before
{Heap before GC invocations=15 (full 0):
 garbage-first heap   total 59392K, used 47403K [0x0000000701c00000, 0x0000000800000000)
  region size 2048K, 12 young (24576K), 2 survivors (4096K)
 Metaspace       used 66863K, committed 67520K, reserved 1114112K
  class space    used 9260K, committed 9536K, reserved 1048576K
}
Event: 5.630 GC heap after
{Heap after GC invocations=16 (full 0):
 garbage-first heap   total 59392K, used 30126K [0x0000000701c00000, 0x0000000800000000)
  region size 2048K, 2 young (4096K), 2 survivors (4096K)
 Metaspace       used 66863K, committed 67520K, reserved 1114112K
  class space    used 9260K, committed 9536K, reserved 1048576K
}
Event: 5.751 GC heap before
{Heap before GC invocations=16 (full 0):
 garbage-first heap   total 59392K, used 50606K [0x0000000701c00000, 0x0000000800000000)
  region size 2048K, 12 young (24576K), 2 survivors (4096K)
 Metaspace       used 67780K, committed 68416K, reserved 1114112K
  class space    used 9517K, committed 9792K, reserved 1048576K
}
Event: 5.754 GC heap after
{Heap after GC invocations=17 (full 0):
 garbage-first heap   total 59392K, used 30958K [0x0000000701c00000, 0x0000000800000000)
  region size 2048K, 2 young (4096K), 2 survivors (4096K)
 Metaspace       used 67780K, committed 68416K, reserved 1114112K
  class space    used 9517K, committed 9792K, reserved 1048576K
}

